<?xml version="1.0" encoding="UTF-8"?>
<!-- Generated by org.testng.reporters.JUnitXMLReporter -->
<testsuite hostname="DESKTOP-5012LI8" ignored="0" name="Test" tests="9" failures="0" timestamp="25 Jan 2019 21:09:37 GMT" time="0.069" errors="0">
  <testcase name="C3M5" time="0.006" classname="Testng.PreAndPostConditions"/>
  <testcase name="C1M5" time="0.002" classname="Testng.Class1"/>
  <testcase name="C1M6" time="0.004" classname="Testng.Class1"/>
  <testcase name="C2M1" time="0.002" classname="Testng.Class2"/>
  <testcase name="C2M2" time="0.001" classname="Testng.Class2"/>
  <testcase name="C2M4" time="0.002" classname="Testng.Class2"/>
  <testcase name="C2M5" time="0.002" classname="Testng.Class2"/>
  <testcase name="C2M6" time="0.001" classname="Testng.Class2"/>
  <testcase name="C2m3" time="0.002" classname="Testng.Class2"/>
</testsuite> <!-- Test -->
