<?xml version="1.0" encoding="UTF-8"?>
<testng-results skipped="0" failed="0" ignored="0" total="1" passed="1">
  <reporter-output>
  </reporter-output>
  <suite name="Default suite" duration-ms="44" started-at="2019-06-12T17:52:11Z" finished-at="2019-06-12T17:52:11Z">
    <groups>
    </groups>
    <test name="Default test" duration-ms="44" started-at="2019-06-12T17:52:11Z" finished-at="2019-06-12T17:52:11Z">
      <class name="Testng.BeforetestBrowser">
        <test-method status="PASS" signature="heading()[pri:0, instance:Testng.BeforetestBrowser@58c1670b]" name="heading" is-config="true" duration-ms="22" started-at="2019-06-12T17:52:11Z" finished-at="2019-06-12T17:52:11Z">
          <reporter-output>
          </reporter-output>
        </test-method> <!-- heading -->
        <test-method status="PASS" signature="openbrowser()[pri:0, instance:Testng.BeforetestBrowser@58c1670b]" name="openbrowser" is-config="true" duration-ms="1" started-at="2019-06-12T17:52:11Z" finished-at="2019-06-12T17:52:11Z">
          <reporter-output>
          </reporter-output>
        </test-method> <!-- openbrowser -->
        <test-method status="PASS" signature="acutalTest()[pri:0, instance:Testng.BeforetestBrowser@58c1670b]" name="acutalTest" duration-ms="7" started-at="2019-06-12T17:52:11Z" finished-at="2019-06-12T17:52:11Z">
          <reporter-output>
          </reporter-output>
        </test-method> <!-- acutalTest -->
        <test-method status="PASS" signature="closebrowser()[pri:0, instance:Testng.BeforetestBrowser@58c1670b]" name="closebrowser" is-config="true" duration-ms="0" started-at="2019-06-12T17:52:11Z" finished-at="2019-06-12T17:52:11Z">
          <reporter-output>
          </reporter-output>
        </test-method> <!-- closebrowser -->
        <test-method status="PASS" signature="report()[pri:0, instance:Testng.BeforetestBrowser@58c1670b]" name="report" is-config="true" duration-ms="0" started-at="2019-06-12T17:52:11Z" finished-at="2019-06-12T17:52:11Z">
          <reporter-output>
          </reporter-output>
        </test-method> <!-- report -->
      </class> <!-- Testng.BeforetestBrowser -->
    </test> <!-- Default test -->
  </suite> <!-- Default suite -->
</testng-results>
